<?xml version='1.0' encoding='UTF-8'?>
<testsuite hostname="MacBook-Pro-2.local" name="com.scalint.rules.FunctionalRulesSpec" tests="7" errors="0" failures="0" skipped="0" time="0.205" timestamp="2026-01-12T15:58:58">
          <properties>
[...]
</properties>
          <testcase classname="com.scalint.rules.FunctionalRulesSpec" name="F001: should warn about mutable collection imports" time="0.144">
                      
                    </testcase><testcase classname="com.scalint.rules.FunctionalRulesSpec" name="F003: should warn about isInstanceOf usage" time="0.029">
                      
                    </testcase><testcase classname="com.scalint.rules.FunctionalRulesSpec" name="F003: should warn about asInstanceOf usage" time="0.005">
                      
                    </testcase><testcase classname="com.scalint.rules.FunctionalRulesSpec" name="F005: should suggest Option for null checks" time="0.008">
                      
                    </testcase><testcase classname="com.scalint.rules.FunctionalRulesSpec" name="F006: should warn about while loops" time="0.012">
                      
                    </testcase><testcase classname="com.scalint.rules.FunctionalRulesSpec" name="F008: should suggest collect over filter+map" time="0.004">
                      
                    </testcase><testcase classname="com.scalint.rules.FunctionalRulesSpec" name="F009: should warn about Any return type" time="0.003">
                      
                    </testcase>
          <system-out><![CDATA[]]></system-out>
          <system-err><![CDATA[]]></system-err>
        </testsuite>